<?xml version="1.0" encoding="UTF-8"?>
<!-- Generated by org.testng.reporters.JUnitXMLReporter -->
<testsuite hostname="Maan" name="Sanity" tests="6" failures="0" timestamp="2 Jun 2016 20:02:29 GMT" time="0.119" errors="0">
  <testcase name="addCurrency" time="0.019" classname="sanityTest.NewTest1"/>
  <testcase name="addProduct" time="0.003" classname="sanityTest.NewTest1"/>
  <testcase name="addVendor" time="0.005" classname="sanityTest.NewTest1"/>
  <testcase name="deleteCurrency" time="0.005" classname="sanityTest.NewTest2"/>
  <testcase name="deleteProduct" time="0.005" classname="sanityTest.NewTest2"/>
  <testcase name="deleteVendor" time="0.006" classname="sanityTest.NewTest2"/>
</testsuite> <!-- Sanity -->
