<?xml version="1.0" encoding="UTF-8"?>
<testng-results skipped="0" failed="0" total="6" passed="6">
  <reporter-output>
  </reporter-output>
  <suite name="Suite" duration-ms="104" started-at="2016-06-02T20:44:37Z" finished-at="2016-06-02T20:44:37Z">
    <groups>
    </groups>
    <test name="Test" duration-ms="104" started-at="2016-06-02T20:44:37Z" finished-at="2016-06-02T20:44:37Z">
      <class name="sanityTest.NewTest5">
        <test-method status="PASS" signature="testCase4()[pri:0, instance:sanityTest.NewTest5@1081592]" name="testCase4" duration-ms="19" started-at="2016-06-02T16:44:37Z" finished-at="2016-06-02T16:44:37Z">
          <reporter-output>
          </reporter-output>
        </test-method> <!-- testCase4 -->
        <test-method status="PASS" signature="testCase5()[pri:0, instance:sanityTest.NewTest5@1081592]" name="testCase5" duration-ms="2" started-at="2016-06-02T16:44:37Z" finished-at="2016-06-02T16:44:37Z">
          <reporter-output>
          </reporter-output>
        </test-method> <!-- testCase5 -->
        <test-method status="PASS" signature="testCase6()[pri:0, instance:sanityTest.NewTest5@1081592]" name="testCase6" duration-ms="3" started-at="2016-06-02T16:44:37Z" finished-at="2016-06-02T16:44:37Z">
          <reporter-output>
          </reporter-output>
        </test-method> <!-- testCase6 -->
      </class> <!-- sanityTest.NewTest5 -->
      <class name="sanityTest.NewTest4">
        <test-method status="PASS" signature="testCase1()[pri:0, instance:sanityTest.NewTest4@1efea79]" name="testCase1" duration-ms="19" started-at="2016-06-02T16:44:37Z" finished-at="2016-06-02T16:44:37Z">
          <reporter-output>
          </reporter-output>
        </test-method> <!-- testCase1 -->
        <test-method status="PASS" signature="testCase2()[pri:0, instance:sanityTest.NewTest4@1efea79]" name="testCase2" duration-ms="2" started-at="2016-06-02T16:44:37Z" finished-at="2016-06-02T16:44:37Z">
          <reporter-output>
          </reporter-output>
        </test-method> <!-- testCase2 -->
        <test-method status="PASS" signature="testCase3()[pri:0, instance:sanityTest.NewTest4@1efea79]" name="testCase3" duration-ms="4" started-at="2016-06-02T16:44:37Z" finished-at="2016-06-02T16:44:37Z">
          <reporter-output>
          </reporter-output>
        </test-method> <!-- testCase3 -->
      </class> <!-- sanityTest.NewTest4 -->
    </test> <!-- Test -->
  </suite> <!-- Suite -->
</testng-results>
